[1 of 3] Compiling Warning          ( Warning.hs, C:\Users\Pichau\AppData\Local\Temp\stack10188\comonad-5.0.2\.stack-work\dist\ca59d0ab\setup\Warning.o )
[2 of 3] Compiling Main             ( C:\Users\Pichau\AppData\Local\Temp\stack10188\comonad-5.0.2\Setup.lhs, C:\Users\Pichau\AppData\Local\Temp\stack10188\comonad-5.0.2\.stack-work\dist\ca59d0ab\setup\Main.o )

C:\Users\Pichau\AppData\Local\Temp\stack10188\comonad-5.0.2\Setup.lhs:24:1: warning: [-Wdeprecations]
    Module `Warning':
      You are configuring this package without cabal-doctest installed.
      The doctests test-suite will not work as a result.
      To fix this, install cabal-doctest before configuring.
[3 of 3] Compiling StackSetupShim   ( C:\sr\setup-exe-src\setup-shim-Z6RU0evB.hs, C:\Users\Pichau\AppData\Local\Temp\stack10188\comonad-5.0.2\.stack-work\dist\ca59d0ab\setup\StackSetupShim.o )
Linking C:\Users\Pichau\AppData\Local\Temp\stack10188\comonad-5.0.2\.stack-work\dist\ca59d0ab\setup\setup.exe ...
Configuring comonad-5.0.2...
Building comonad-5.0.2...
Preprocessing library comonad-5.0.2...
[ 1 of 15] Compiling Data.Functor.Composition ( src\Data\Functor\Composition.hs, .stack-work\dist\ca59d0ab\build\Data\Functor\Composition.o )
[ 2 of 15] Compiling Control.Comonad.Trans.Identity ( src\Control\Comonad\Trans\Identity.hs, .stack-work\dist\ca59d0ab\build\Control\Comonad\Trans\Identity.o )
[ 3 of 15] Compiling Control.Comonad  ( src\Control\Comonad.hs, .stack-work\dist\ca59d0ab\build\Control\Comonad.o )
[ 4 of 15] Compiling Control.Comonad.Hoist.Class ( src\Control\Comonad\Hoist\Class.hs, .stack-work\dist\ca59d0ab\build\Control\Comonad\Hoist\Class.o )
[ 5 of 15] Compiling Control.Comonad.Identity ( src\Control\Comonad\Identity.hs, .stack-work\dist\ca59d0ab\build\Control\Comonad\Identity.o )
[ 6 of 15] Compiling Control.Comonad.Trans.Class ( src\Control\Comonad\Trans\Class.hs, .stack-work\dist\ca59d0ab\build\Control\Comonad\Trans\Class.o )
[ 7 of 15] Compiling Control.Comonad.Trans.Env ( src\Control\Comonad\Trans\Env.hs, .stack-work\dist\ca59d0ab\build\Control\Comonad\Trans\Env.o )
[ 8 of 15] Compiling Control.Comonad.Trans.Store ( src\Control\Comonad\Trans\Store.hs, .stack-work\dist\ca59d0ab\build\Control\Comonad\Trans\Store.o )
[ 9 of 15] Compiling Control.Comonad.Trans.Traced ( src\Control\Comonad\Trans\Traced.hs, .stack-work\dist\ca59d0ab\build\Control\Comonad\Trans\Traced.o )
[10 of 15] Compiling Control.Comonad.Env.Class ( src\Control\Comonad\Env\Class.hs, .stack-work\dist\ca59d0ab\build\Control\Comonad\Env\Class.o )
[11 of 15] Compiling Control.Comonad.Env ( src\Control\Comonad\Env.hs, .stack-work\dist\ca59d0ab\build\Control\Comonad\Env.o )
[12 of 15] Compiling Control.Comonad.Store.Class ( src\Control\Comonad\Store\Class.hs, .stack-work\dist\ca59d0ab\build\Control\Comonad\Store\Class.o )
[13 of 15] Compiling Control.Comonad.Store ( src\Control\Comonad\Store.hs, .stack-work\dist\ca59d0ab\build\Control\Comonad\Store.o )
[14 of 15] Compiling Control.Comonad.Traced.Class ( src\Control\Comonad\Traced\Class.hs, .stack-work\dist\ca59d0ab\build\Control\Comonad\Traced\Class.o )
[15 of 15] Compiling Control.Comonad.Traced ( src\Control\Comonad\Traced.hs, .stack-work\dist\ca59d0ab\build\Control\Comonad\Traced.o )
Installing library in
C:\Users\Pichau\git\hephaestus-fm\.stack-work\install\5600629f\lib\x86_64-windows-ghc-8.0.2\comonad-5.0.2-I16Skqk4CBTKzHjIVU7STX
Registering comonad-5.0.2...
