[1 of 3] Compiling Warning          ( Warning.hs, C:\Users\Pichau\AppData\Local\Temp\stack12012\semigroupoids-5.2.1\.stack-work\dist\ca59d0ab\setup\Warning.o )
[2 of 3] Compiling Main             ( C:\Users\Pichau\AppData\Local\Temp\stack12012\semigroupoids-5.2.1\Setup.lhs, C:\Users\Pichau\AppData\Local\Temp\stack12012\semigroupoids-5.2.1\.stack-work\dist\ca59d0ab\setup\Main.o )

C:\Users\Pichau\AppData\Local\Temp\stack12012\semigroupoids-5.2.1\Setup.lhs:24:1: warning: [-Wdeprecations]
    Module `Warning':
      You are configuring this package without cabal-doctest installed.
      The doctests test-suite will not work as a result.
      To fix this, install cabal-doctest before configuring.
[3 of 3] Compiling StackSetupShim   ( C:\sr\setup-exe-src\setup-shim-Z6RU0evB.hs, C:\Users\Pichau\AppData\Local\Temp\stack12012\semigroupoids-5.2.1\.stack-work\dist\ca59d0ab\setup\StackSetupShim.o )
Linking C:\Users\Pichau\AppData\Local\Temp\stack12012\semigroupoids-5.2.1\.stack-work\dist\ca59d0ab\setup\setup.exe ...
Configuring semigroupoids-5.2.1...
Building semigroupoids-5.2.1...
Preprocessing library semigroupoids-5.2.1...
[ 1 of 21] Compiling Data.Traversable.Instances ( src\Data\Traversable\Instances.hs, .stack-work\dist\ca59d0ab\build\Data\Traversable\Instances.o )
[ 2 of 21] Compiling Data.Semigroup.Foldable.Class ( src\Data\Semigroup\Foldable\Class.hs, .stack-work\dist\ca59d0ab\build\Data\Semigroup\Foldable\Class.o )
[ 3 of 21] Compiling Data.Functor.Extend ( src\Data\Functor\Extend.hs, .stack-work\dist\ca59d0ab\build\Data\Functor\Extend.o )
[ 4 of 21] Compiling Data.Functor.Bind.Class ( src\Data\Functor\Bind\Class.hs, .stack-work\dist\ca59d0ab\build\Data\Functor\Bind\Class.o )
[ 5 of 21] Compiling Data.Functor.Apply ( src\Data\Functor\Apply.hs, .stack-work\dist\ca59d0ab\build\Data\Functor\Apply.o )
[ 6 of 21] Compiling Data.Functor.Bind ( src\Data\Functor\Bind.hs, .stack-work\dist\ca59d0ab\build\Data\Functor\Bind.o )
[ 7 of 21] Compiling Data.Functor.Bind.Trans ( src\Data\Functor\Bind\Trans.hs, .stack-work\dist\ca59d0ab\build\Data\Functor\Bind\Trans.o )
[ 8 of 21] Compiling Data.Semigroupoid ( src\Data\Semigroupoid.hs, .stack-work\dist\ca59d0ab\build\Data\Semigroupoid.o )
[ 9 of 21] Compiling Data.Semigroupoid.Dual ( src\Data\Semigroupoid\Dual.hs, .stack-work\dist\ca59d0ab\build\Data\Semigroupoid\Dual.o )
[10 of 21] Compiling Data.Groupoid    ( src\Data\Groupoid.hs, .stack-work\dist\ca59d0ab\build\Data\Groupoid.o )
[11 of 21] Compiling Data.Isomorphism ( src\Data\Isomorphism.hs, .stack-work\dist\ca59d0ab\build\Data\Isomorphism.o )
[12 of 21] Compiling Data.Semigroupoid.Ob ( src\Data\Semigroupoid\Ob.hs, .stack-work\dist\ca59d0ab\build\Data\Semigroupoid\Ob.o )
[13 of 21] Compiling Data.Semigroup.Bifoldable ( src\Data\Semigroup\Bifoldable.hs, .stack-work\dist\ca59d0ab\build\Data\Semigroup\Bifoldable.o )
[14 of 21] Compiling Data.Functor.Alt ( src\Data\Functor\Alt.hs, .stack-work\dist\ca59d0ab\build\Data\Functor\Alt.o )
[15 of 21] Compiling Data.Functor.Plus ( src\Data\Functor\Plus.hs, .stack-work\dist\ca59d0ab\build\Data\Functor\Plus.o )
[16 of 21] Compiling Data.Semigroupoid.Static ( src\Data\Semigroupoid\Static.hs, .stack-work\dist\ca59d0ab\build\Data\Semigroupoid\Static.o )
[17 of 21] Compiling Data.Semigroup.Foldable ( src\Data\Semigroup\Foldable.hs, .stack-work\dist\ca59d0ab\build\Data\Semigroup\Foldable.o )
[18 of 21] Compiling Data.Semigroup.Traversable.Class ( src\Data\Semigroup\Traversable\Class.hs, .stack-work\dist\ca59d0ab\build\Data\Semigroup\Traversable\Class.o )
[19 of 21] Compiling Data.Semigroup.Bitraversable ( src\Data\Semigroup\Bitraversable.hs, .stack-work\dist\ca59d0ab\build\Data\Semigroup\Bitraversable.o )
[20 of 21] Compiling Data.Semigroup.Traversable ( src\Data\Semigroup\Traversable.hs, .stack-work\dist\ca59d0ab\build\Data\Semigroup\Traversable.o )
[21 of 21] Compiling Data.Bifunctor.Apply ( src\Data\Bifunctor\Apply.hs, .stack-work\dist\ca59d0ab\build\Data\Bifunctor\Apply.o )
Installing library in
C:\sr\snapshots\6dde1a60\lib\x86_64-windows-ghc-8.0.2\semigroupoids-5.2.1-Db8txM8kTsI6Y49CY6g5Jn
Registering semigroupoids-5.2.1...
